[  0.000] Intilizig grup sbs cpuse
[   0.0000 Iitalizig groususys u
[   00000]nitiliin cro subyspuac
[   .000000] Linux version 4.4.0-142-generic (buildd@lgw01-amd64-033)(gc verson5.4.0 01609 Ubntu .40-6uunu116.010 ) #68bunt S WedJa 16 21::45 UT 219(Ubunu .4.042.168geerc 4..17)
[   .0000]Commndline:BOT_IMAGE=oot/mluz-4.0142-neic rt=UID=1d1a6628a941f-da3-47b8a1d8ro cnsletty1onole=yS
[  0.0000 KERNEsuppte cus
[    0.000000]   Intel GenuineIntel
[    0.000000]   AMD AuthenticAMD
[    0.000000]   Centaur CentaurHauls
[    0.000000] x86/fpu: xstate_offset[2]:  576, xstate_sizes[2]:  256
[    0.000000] x86/fpu: Supporting XSAVE feature 0x01: 'x87 floating point registers'
[    0.000000] x86/fpu: Supporting XSAVE feature 0x02: 'SSE registers'
[    0.000000] x86/fpu: Supporting XSAVE feature 0x04: 'AVX registers'
[    0.000000] x86/fpu: Enabled xstate features 0x7, context size is 832 bytes, using 'standard' format.
[    0.000000] e820: BIOS-provided physical RAM map:
[    0.000000] BIOS-e820: [mem 0x0000000000000000-0x000000000009fbff] usable
[    0.000000] BIOS-e820: [mem 0x000000000009fc00-0x000000000009ffff] reserved
[    0.000000] BIOS-e820: [mem 0x00000000000f0000-0x00000000000fffff] reserved
[    0.000000] BIOS-e820: [mem 0x0000000000100000-0x000000003ffeffff] usable
[    0.000000] BIOS-e820: [mem 0x000000003fff0000-0x000000003fffff] ACPI dta
[    0.000000] BIOS-e820: [mem 0x0000000fc0000-000000ec00ff rserv
  0.0000] OS-e0:[mem0x000000fee00000-0000000fe0ff] rservd
[   .00000] IOS-82: [m 000000fff000-0x000000ffffff] esered
[  0.0000 N (Exute isbl) prteion:ctve
[   0.0000] MBIO 2.5 pset.
   00000 Hyprvor dteted:KV
[   0000] 82 lst_p =0x3f0 ax_ah_fn =x400000
[  .00000]MTRRDisabl
[    00000] 86PAT: MRRdisaed skipig AT itilizaio too
[    0.000] CPMTRR a bla -virtliedysem.    0.0000] 6/ATCofigurtin [07]WB  T C- U W  WTUC UC 
[    .0000]fou SP MPabe  [em0x09ff-00009ff] mapp a [ff880000ff]
[  0.000] Scanning  are fr low mor corupon
   0.0000] RDIK:me 0x3f000x30eff]
[  .0000]ACPI Ely tbl checkumveificio dsaed
[   0.00000]AC: RSP 00000000E00 0002 (02BO  )[   .00000ACPIXST x000003FFF300000 (v0 VX   BOXSDT000001 AL  000001)
[   00000] CPI:FAP 0x000000FF00F000F4 (04BOX  VXFAC000000AS  00001)
   00000] AC: SDT 000000FFF00 0021FFv0 VBO  BOXBS 000000 ITL 201058)
   0.000000] ACPI FCS 0x0000003FFF0200 000040
[    0.0000  ACI:ACS x00000FF020000040[   .00000ACI: AC x000003FFF020 0005C (v0 VOX  BOAPIC000001 AL 000006
[   00000] CPI:SD 0x0000003FF2A 01C (v0 VX   BOCPUT000000INTL200528)
  0.000000] o NUA onfiratiofond
[  000000]Faki anodet mem 000000000000-0000003ffefff
    00000]OD_DAT0)alloted em0x3feb00-0x3feff]    00000]vmcloc: ing rs4b564d01an4b56d0
[    0000 km-clo: cpu  mr 3fe301,prar cpulock
   0.0000] kvmclk: ungscheofset  3709835cyes
[    0.000000] clocksourc: vm-clok:ask:0xffffffffffma_cyces0x1c42ddff mx_lens: 8105913 s
[  0.0000]Zoneanges:
[  0.00000   D      me 0x000000001000-00000000fff]
[  0.0000]  DMA32   mem x000000100000x000003feffff]
[   000000]  Noal  emty
[   0.00000] Devce  emy
[  .0000]Movaleone stt or eh ode[   0.000] Earl mory noe range
[   0.00000]  node  : mem x000000001000-000000009eff
    00000] noe   : em 0x0000000000-x00000fffff]
[   000000] nitm stup ode 0 mem 0x0000000100-0000000ffeff]
[  0.0000] CPI:M-imer I Prt: x408
   0.000] IOPI[0]: aicid 2 vrson 3 addss0xfe0000, SI-23[   0.0000 ACP: NT_SRCVR (us busrq0 glal_irq 2dfdfl)
[  0.000] AC: NT_S_OR (b 0bus_rq9 global_q  lowevel)
[   .00000Usin AI (MAD forMPconfguatio iformti
[   .00000] smpbt: Allin 2 Cs, 0 hplg CP
  0.0000 PM: gitere nsae memo: [mm 0x000000x0000ff]
[    00000]M:Restred nave memor: mem 0009f000x009fff
[   .00000PM Regsteednosa mmory[memx00a000-x00eff]
[   00000]PM Regteed nav memry [em 00000-0000fff]
[  0.00000]e80: [m 0x40000-0xbffff]valabl fr PCdeices
[    0.00000] Boin parirtualizd ernelonVM
[   00000] clckouce: reind-jiies:mak: 0fffffff axcycls:xffffff,maidlens764596021168ns
[   0.0000] tu_perpu NR_CUS512 r_puask_ts:512nrcpu_ds2 nrode_s:
[   000000PECPU:Emedded  pags/u @ff8800300000 9980 r92 d152 04576[   0.000] Bil 1 znelistsinNoderdr,oblitygrpingn. Tot pge: 7912
[  0.000000] Poic zone: DMA32
[    0.000000] Kernel command line: BOOT_IMAGE=/boot/vmlinuz-4.4.0-142geeric rotUUID1d1aa66-8a-41d8d3-470b5b1d8arocosolety1 csoe=ttyS
    0.000000] PID hshtable entries: 4096 (order: 3, 376 bytes
    0.00000 Memry 9972K104820avaiabe 860 kerl code 132K rwata,4004roata,48K int,1316bss,098K rservd,0K ca-eserd)
[   0000000 SUB HWaig=64,Orr=0-, inOjets0, Cs=, Noes1
   0.00000] Kenel/User page tables isolation: enabled
[    0.000000] Hierarchical RCU implementation.
[    0.000000] 	Build-tim austmt f affanot o 64
    0.000] 	R rstctng CUsfromNRPUS=12to nr_cpu_id=2
[   0000] CU: jutingeomey or ru_anout_ea64, nr_cu_s=2    000000NR_IS:3024nrir:40 16[   .000] Console: olouVG+ 8025
[  0.000000] console [tty1] enabled
[    0.000] cosoe [tty0]enabd
[    0.000000] tsc: Detected 2712.000 MHz processor
[   31.141949] Calibrating delay loop (skipped) preset value.. 5424.00 BogoMIPS (lpj=10848000)
[   31.332313] pid_max: default: 32768 minimum: 301
[   31.449347] ACPI: Core revision 20150930
[   31.538177] ACPI: 2 ACPI AML tables successfully acquired and loaded
[   31.700686] Security Framework initialized
[   31.817200] Yama: becoming mindful.
[   31.873215] AppArmor: AppArmor initialized
[   31.884059] Dentry cache hash table entries: 131072 (order: 8, 1048576 bytes)
[   32.066136] Inode-cache hash table entries: 65536 (order: 7, 524288 bytes)
[   32.242958] Mount-cache hash table entries: 2048 (order: 2, 16384 bytes)
[   32.403525] Mountpoint-cache hash table entries: 2048 (order: 2, 16384 bytes)
[   32.598622] Initializing cgroup subsys io
[   32.700171] Initializing cgroup subsys memory
[   32.814061] Initializing cgroup subsys devices
[   32.919256] Initializing cgroup subsys freezer
[   32.948939] Initializing cgroup subsys net_cls
[   33.016354] Initializing cgroup subsys perf_event
[   33.134672] Initializing cgroup subsys net_prio
[   33.252539] Initializing cgroup subsys hugetlb
[   33.368271] Initializing cgroup subsys pids
[   33.435695] mce: CPU supports 0 MCE banks
[   33.535863] Last level iTLB entries: 4KB 64, 2MB 8, 4MB 8
[   33.665212] Last level dTLB entries: 4KB 64, 2MB 0, 4MB 0, 1GB 4
[   33.831251] Spectre V2 : Mitigation: Full generic retpoline
[   33.968115] Spectre V2 : Spectre v2 / SpectreRSB mitigation: Filling RSB on context switch
[   34.165046] Speculative Store Bypass: Vulnerable
[   34.280627] Freeing SMP alternatives memory: 32K
[   34.412098] ftrace: allocating 32277 entries in 127 pages
[   34.570316] smpboot: APIC(0) Converting physical 0 to logical package 0
[   34.720033] smpboot: Max logical packages: 1
[   34.847242] x2apic enabled
[   34.910183] Switched APIC routing to physical x2apic.
[   35.041881] ..TIMER: vector=0x30 apic1=0 pin1=2 apic2=-1 pin2=-1
[   35.299699] smpboot: CPU0: Intel(R) Core(TM) i7-6820HQ CPU @ 2.70GHz (family: 0x6, model: 0x5e, stepping: 0x3)
[   35.548702] Performance Events: unsupported p6 CPU model 94 no PMU driver, software events only.
[   35.571217] KVM setup paravirtual spinlock
[   35.649659] x86: Booting SMP configuration:
[   35.748044] .... node  #0, CPUs:      #1
[   35.832867] kvm-clock: cpu 1, msr 0:3ffe3041, secondary cpu clock
[   35.950419] mce: CPU supports 0 MCE banks
[   36.017515] x86: Booted up 1 node, 2 CPUs
[   36.109278] smpboot: Total of 2 processors activated (10848.00 BogoMIPS)
[   36.238002] devtmpfs: initialized
[   36.260161] evm: security.selinux
[   36.305204] evm: security.SMACK64
[   36.390935] evm: security.SMACK64EXEC
[   36.450638] evm: security.SMACK64TRANSMUTE
[   36.525367] evm: security.SMACK64MMAP
[   36.599061] evm: security.ima
[   36.643490] evm: security.capability
[   36.675016] clocksource: jiffies: mask: 0xffffffff max_cycles: 0xffffffff, max_idle_ns: 7645041785100000 ns
[   36.885427] futex hash table entries: 512 (order: 3, 32768 bytes)
[   37.017424] pinctrl core: initialized pinctrl subsystem
[   37.138767] RTC time: 22:18:19, date: 03/08/19
[   37.244476] NET: Registered protocol family 16
[   37.357014] cpuidle: using governor ladder
[   37.404701] cpuidle: using governor menu
[   37.488597] PCCT header not found.
[   37.560742] ACPI: bus type PCI registered
[   37.632773] acpiphp: ACPI Hot Plug PCI Controller Driver version: 0.5
[   37.769106] PCI: Using configuration type 1 for base access
[   37.881102] ACPI: Added _OSI(Module Device)
[   37.970302] ACPI: Added _OSI(Processor Device)
[   38.062563] ACPI: Added _OSI(3.0 _SCP Extensions)
[   38.135873] ACPI: Added _OSI(Processor Aggregator Device)
[   38.231468] ACPI: Executed 1 blocks of module-level executable AML code
[   38.365896] ACPI: Interpreter enabled
[   38.428168] ACPI: (supports S0 S5)
[   38.470622] ACPI: Using IOAPIC for interrupt routing
[   38.472440] PCI: Using host bridge windows from ACPI; if necessary, use "pci=nocrs" and report a bug
[   38.638890] ACPI: PCI Root Bridge [PCI0] (domain 0000 [bus 00-ff])
[   38.796496] acpi PNP0A03:00: _OSC: OS supports [ASPM ClockPM Segments MSI]
[   38.884336] acpi PNP0A03:00: _OSC: not requesting OS control; OS requires [ExtendedConfig ASPM ClockPM MSI]
[   39.069278] acpi PNP0A03:00: fail to add MMCONFIG information, can't access extended PCI configuration space under this bridge.
[   39.319436] PCI host bridge to bus 0000:00
[   39.417865] pci_bus 0000:00: root bus resource [io  0x0000-0x0cf7 window]
[   39.561212] pci_bus 0000:00: root bus resource [io  0x0d00-0xffff window]
[   39.645260] pci_bus 0000:00: root bus resource [mem 0x000a0000-00000bffff window]
[   39.817084] pci_bus 0000:00: root bus resource [mem 0x40000000-0xfdffffff window]
[   39.951233] pci_bus 0000:00: root bus resource [bus 00-ff]
[   40.080317] pci 0000:00:01.1: legacy IDE quirk: reg 0x10: [io  0x01f0-0x01f7]
[   40.253999] pci 0000:00:01.1: legacy IDE quirk: reg 0x14: [io  0x03f6]
[   40.392943] pci 0000:00:01.1: legacy IDE quirk: reg 0x18: [io  0x0170-0x0177]
[   40.590294] pci 0000:00:01.1: legacy IDE quirk: reg 0x1c: [io  0x0376]
[   40.711730] pci 0000:00:07.0: quirk: [io  0x4000-0x403f] claimed by PIIX4 ACPI
[   40.801771] pci 0000:00:07.0: quirk: [io  0x4100-0x410f] claimed by PIIX4 SMB
[   40.955187] ACPI: PCI Interrupt Link [LNKA] (IRQs 5 9 10 *11)
[   41.036938] ACPI: PCI Interrupt Link [LNKB] (IRQs 5 9 *10 11)
[   41.113932] ACPI: PCI Interrupt Link [LNKC] (IRQs 5 *9 10 11)
[   41.203571] ACPI: PCI Interrupt Link [LNKD] (IRQs 5 9 10 *11)
[   41.334827] ACPI: Enabled 2 GPEs in block 00 to 07
[   41.458642] vgaarb: setting as boot device: PCI:0000:00:02.0
[   41.582726] vgaarb: device added: PCI:0000:00:02.0,decodes=io+mem,owns=io+mem,locks=none
[   41.665922] vgaarb: loaded
[   41.729359] vgaarb: bridge control possible 0000:00:02.0
[   41.777892] SCSI subsystem initialized
[   41.816749] ACPI: bus type USB registered
[   41.861121] usbcore: registered new interface driver usbfs
[   42.004050] usbcore: registered new interface driver hub
[   42.114332] usbcore: registered new device driver usb
[   42.188575] PCI: Using ACPI for IRQ routing
[   42.236019] NetLabel: Initializing
[   42.320841] NetLabel:  domain hash size = 128
[   42.373993] NetLabel:  protocols = UNLABELED CIPSOv4
[   42.432587] NetLabel:  unlabeled traffic allowed by default
[   42.550715] amd_nb: Cannot enumerate AMD northbridges
[   42.648443] clocksource: Switched to clocksource kvm-clock
[   2.495]ApAror: ppmo Fesstm naed[ 43082]np:PnAC it[  43.9682] p:nPCP fun3 vis
[   44.526840] clocksource: acpi_pm: mask: 0xffffff max_cycles: 0xffffff, max_idle_ns: 2085701024 ns
[   44.593979] NET: Registered protocol family 2
[   44.656183] TCP established hash table entries: 8192 (order: 4, 65536 bytes)
[   44.704069] TCP bind hash table entries: 8192 (order: 5, 131072 bytes)
[   44.869341] TCP: Hash tables configured (established 8192 bind 8192)
[   44.916469] UDP hash table entries: 512 (order: 2, 16384 bytes)
[   44.999754] UDP-Lite hash table entries: 512 (order: 2, 16384 bytes)
[   45.090414] NET: Registered protocol family 1
[   45.128991] pci 0000:00:00.0: Limiting direct PCI/PCI transfers
[   45.225732] pci 0000:00:01.0: Activating ISA DMA hang workarounds
[   45.291039] Unpacking initramfs...
[   45.649735] Freeing initrd memory: 15360K
[   45.670118] platform rtc_cmos: registered platform RTC device (no PNP device found)
[   45.732139] Scanning for low memory corruption every 60 seconds
[   45.744563] audit: initializing netlink subsys (disabled)
[   45.851428] audit: type=2000 audit(1552083471.259:1): initialized
[   45.969385] Initialise system trusted keyring
[   46.057222] HugeTLB registered 2 MB page size, pre-allocated 0 pages
[   46.154995] zbud: loaded
[   46.186827] VFS: Disk quotas dquot_6.6.0
[   46.190193] VFS: Dquot-cache hash table entries: 512 (order 0, 4096 bytes)
[   46.204573] squashfs: version 4.0 (2009/01/31) Phillip Lougher
[   46.207650] fuse init (API version 7.23)
[   46.223538] Key type big_key registered
[   46.224478] Allocating IMA MOK and blacklist keyrings.
[   46.227307] Key type asymmetric registered
[   46.282858] Asymmetric key parser 'x509' registered
[   46.334110] Block layer SCSI generic (bsg) driver version 0.4 loaded (major 249)
[   46.465815] io scheduler noop registered
[   46.494087] io scheduler deadline registered (default)
[   46.563842] io scheduler cfq registered
[   46.631599] pci_hotplug: PCI Hot Plug PCI Core version: 0.5
[   46.703321] tsc: Refined TSC clocksource calibration: 2711.946 MHz
[   46.715280] clocksource: tsc: mask: 0xffffffffffffffff max_cycles: 0x27175371e47, max_idle_ns: 440795248286 ns
[   46.715324] pciehp: PCI Express Hot Plug Controller Driver version: 0.4
ÿ[   46.715478] ACPI: AC Adapter [AC] (on-line)
[   46.715542] input: Power Button as /devices/LNXSYSTM:00/LNXPWRBN:00/input/input0
[   46.715545] ACPI: Power Button [PWRF]
[   46.715610] input: Sleep Button as /devices/LNXSYSTM:00/LNXSLPBN:00/input/input1
[   46.715611] ACPI: Sleep Button [SLPF]
[   46.716525] ACPI: Battery Slot [BAT0] (battery present)
[   46.716569] GHES: HEST is not enabled!
[   46.868027] Serial: 8250/16550 driver, 32 ports, IRQ sharing enabled
[   47.000921] 00:02: ttyS0 at I/O 0x3f8 (irq = 4, base_baud = 115200) is a 16550A
[   47.053012] Linux agpgart interface v0.103
[   47.108295] loop: module loaded
[   47.109003] scsi host0: ata_piix
[   47.109053] scsi host1: ata_piix
[   47.109080] ata1: PATA max UDMA/33 cmd 0x1f0 ctl 0x3f6 bmdma 0xd000 irq 14
[   47.109081] ata2: PATA max UDMA/33 cmd 0x170 ctl 0x376 bmdma 0xd008 irq 15
[   47.109146] libphy: Fixed MDIO Bus: probed
[   47.109148] tun: Universal TUN/TAP device driver, 1.6
[   47.109148] tun: (C) 1999-2004 Max Krasnyansky <maxk@qualcomm.com>
[   47.109468] PPP generic driver version 2.4.2
[   47.109527] ehci_hcd: USB 2.0 'Enhanced' Host Controller (EHCI) Driver
[   47.109530] ehci-pci: EHCI PCI platform driver
[   47.109539] ehci-platform: EHCI generic platform driver
[   47.109546] ohci_hcd: USB 1.1 'Open' Host Controller (OHCI) Driver
[   47.109549] ohci-pci: OHCI PCI platform driver
[   47.109557] ohci-platform: OHCI generic platform driver
[   47.109563] uhci_hcd: USB Universal Host Controller Interface driver
[   47.109606] i8042: PNP: PS/2 Controller [PNP0303:PS2K,PNP0f03:PS2M] at 0x60,0x64 irq 1,12
[   47.110164] serio: i8042 KBD port at 0x60,0x64 irq 1
[   47.110167] serio: i8042 AUX port at 0x60,0x64 irq 12
[   47.110255] mousedev: PS/2 mouse device common for all mice
[   47.110574] input: AT Translated Set 2 keyboard as /devices/platform/i8042/serio0/input/input2
[   47.110897] rtc_cmos rtc_cmos: rtc core: registered rtc_cmos as rtc0
[   47.111036] rtc_cmos rtc_cmos: alarms up to one day, 114 bytes nvram
[   47.111042] i2c /dev entries driver
[   47.111118] device-mapper: uevent: version 1.0.3
[   47.111199] device-mapper: ioctl: 4.34.0-ioctl (2015-10-28) initialised: dm-devel@redhat.com
[   47.111236] ledtrig-cpu: registered to indicate activity on CPUs
[   47.112068] NET: Registered protocol family 10
[   47.112178] NET: Registered protocol family 17
[   47.112186] Key type dns_resolver registered
[   47.112365] registered taskstats version 1
[   47.112395] Loading compiled-in X.509 certificates
[   47.113053] Loaded X.509 cert 'Build time autogenerated kernel key: bff73e56bc0efa7435b2a24f5427674623f1be80'
[   47.113085] zswap: loaded using pool lzo/zbud
[   47.114965] Key type trusted registered
[   47.118164] Key type encrypted registered
[   47.118170] AppArmor: AppArmor sha1 policy hashing enabled
[   47.118173] ima: No TPM chip found, activating TPM-bypass!
[   47.118178] ima: Allocated hash algorithm: sha1
[   47.118191] evm: HMAC attrs: 0x1
[   47.118486]   Magic number: 11:188:350
[   47.138397] rtc_cmos rtc_cmos: setting system clock to 2019-03-08 22:18:29 UTC (1552083509)
[   47.138552] BIOS EDD facility v0.16 2004-Jun-25, 0 devices found
[   47.138552] EDD information not available.
[   49.669224] Freeing unused kernel memory: 1484K
[   50.315217] Write protecting the kernel read-only data: 14336k
[   50.727612] Freeing unused kernel memory: 1624K
[   50.837658] Freeing unused kernel memory: 92K
Loading, please [   50.939915] random: systemd-udevd: uninitialized urandom read (16 bytes read, 9 bits of entropy available)
wait...
startin[   50.940395] random: udevadm: uninitialized urandom read (16 bytes read, 9 bits of entropy available)
g version 229
[   50.940409] random: udevadm: uninitialized urandom read (16 bytes read, 9 bits of entropy available)
[   50.948900] random: udevadm: uninitialized urandom read (16 bytes read, 9 bits of entropy available)
[   50.948939] random: udevadm: uninitialized urandom read (16 bytes read, 9 bits of entropy available)
[   50.949136] random: udevadm: uninitialized urandom read (16 bytes read, 9 bits of entropy available)
[   50.949201] random: udevadm: uninitialized urandom read (16 bytes read, 9 bits of entropy available)
[   50.949250] random: udevadm: uninitialized urandom read (16 bytes read, 9 bits of entropy available)
[   50.949299] random: udevadm: uninitialized urandom read (16 bytes read, 9 bits of entropy available)
[   50.949347] random: udevadm: uninitialized urandom read (16 bytes read, 9 bits of entropy available)
[   52.959164] e1000: Intel(R) PRO/1000 Network Driver - version 7.3.21-k8-NAPI
[   53.001941] e1000: Copyright (c) 1999-2006 Intel Corporation.
[   53.040972] Fusion MPT base driver 3.04.20
[   53.114890] Copyright (c) 1999-2008 LSI Corporation
[   53.158430] Fusion MPT SPI Host driver 3.04.20
[   53.240428] AVX2 version of gcm_enc/dec engaged.
[   53.282475] AES CTR mode by8 optimization enabled
[   53.533192] input: ImExPS/2 Generic Explorer Mouse as /devices/platform/i8042/serio1/input/input4
[   53.604340] e1000 0000:00:03.0 eth0: (PCI:33MHz:32-bit) 02:b9:14:72:32:5c
[   53.769910] e1000 0000:00:03.0 eth0: Intel(R) PRO/1000 Network Connection
[   53.863600] mptbase: ioc0: Initiating bringup
[   53.954316] e1000 0000:00:03.0 enp0s3: renamed from eth0
[   54.017230] ioc0: LSI53C1030 A0: Capabilities={Initiator}
[   54.624678] scsi host2: ioc0: LSI53C1030 A0, FwRev=00000000h, Ports=1, MaxQ=256, IRQ=20
[   55.634274] scsi 2:0:0:0: Direct-Access     VBOX     HARDDISK         1.0  PQ: 0 ANSI: 5
[   56.132739] scsi target2:0:0: Beginning Domain Validation
[   56.255484] scsi target2:0:0: Domain Validation skipping write tests
[   56.353568] scsi target2:0:0: Ending Domain Validation
[   56.435031] scsi target2:0:0: asynchronous
[   56.523815] scsi 2:0:1:0: Direct-Access     VBOX     HARDDISK         1.0  PQ: 0 ANSI: 5
[   56.696566] scsi target2:0:1: Beginning Domain Validation
[   56.835606] scsi target2:0:1: Domain Validation skipping write tests
[   56.950343] scsi target2:0:1: Ending Domain Validation
[   57.136161] scsi target2:0:1: asynchronous
[   57.228032] sd 2:0:0:0: [sda] 20971520 512-byte logical blocks: (10.7 GB/10.0 GiB)
[   57.389462] sd 2:0:0:0: Attached scsi generic sg0 type 0
[   57.389952] sd 2:0:0:0: [sda] Write Protect is off
[   57.390182] sd 2:0:0:0: [sda] Incomplete mode parameter data
[   57.390183] sd 2:0:0:0: [sda] Assuming drive cache: write through
[   57.392250]  sda: sda1
[   57.392941] sd 2:0:0:0: [sda] Attached SCSI disk
[   57.509497] sd 2:0:1:0: [sdb] 20480 512-byte logical blocks: (10.5 MB/10.0 MiB)
[   57.585031] sd 2:0:1:0: Attached scsi generic sg1 type 0
[   57.627549] sd 2:0:1:0: [sdb] Write Protect is off
[   57.706510] sd 2:0:1:0: [sdb] Incomplete mode parameter data
[   57.786387] sd 2:0:1:0: [sdb] Assuming drive cache: write through
[   57.938814] sd 2:0:1:0: [sdb] Attached SCSI disk
Begin: Loading e[   59.521654] md: linear personality registered for level -1
ssential drivers[   59.632617] md: multipath personality registered for level -4
 ... [   59.724137] md: raid0 personality registered for level 0
[   59.822231] md: raid1 personality registered for level 1
[   60.000746] raid6: sse2x1   gen()  8875 MB/s
[   60.196958] raid6: sse2x1   xor()  2048 MB/s
[   60.361213] raid6: sse2x2   gen() 12061 MB/s
[   60.512709] raid6: sse2x2   xor()  8020 MB/s
[   60.680593] raid6: sse2x4   gen() 13395 MB/s
[   60.800464] raid6: sse2x4   xor()  8833 MB/s
[   60.956462] raid6: avx2x1   gen() 17764 MB/s
[   61.120807] raid6: avx2x2   gen() 19361 MB/s
[   61.273138] raid6: avx2x4   gen() 24052 MB/s
[   61.366023] raid6: using algorithm avx2x4 gen() 24052 MB/s
[   61.495859] raid6: using avx2x2 recovery algorithm
[   61.585608] xor: automatically using best checksumming function:
[   61.704818]    avx       : 22422.000 MB/sec
[   61.713923] async_tx: api initialized (async)
[   61.810853] md: raid6 personality registered for level 6
[   61.955601] md: raid5 personality registered for level 5
[   62.041780] md: raid4 personality registered for level 4
[   62.173474] md: raid10 personality registered for level 10
done.
Begin: Running /scripts/init-premount ... done.[   62.283474] Btrfs loaded

Begin: Mounting root file system ... Begin: Running /scripts/lo[   62.357764] EXT4-fs (sda1): INFO: recovery required on readonly filesystem
cal-top ... done[   62.451438] EXT4-fs (sda1): write access will be enabled during recovery
.
Begin: Running /scripts/local-premount ... Scanning for Btrfs filesystems
done.
Warning: fsck not present, so skipping root file system
[   62.696349] EXT4-fs (sda1): recovery complete
[   63.775819] EXT4-fs (sda1): mounted filesystem with ordered data mode. Opts: (null)
done.
Begin: Running /scripts/local-bottom ... done.
Begin: Running /scripts/init-bottom ... [   65.802351] random: nonblocking pool is initialized
done.
[   66.569294] systemd[1]: systemd 229 running in system mode. (+PAM +AUDIT +SELINUX +IMA +APPARMOR +SMACK +SYSVINIT +UTMP +LIBCRYPTSETUP +GCRYPT +GNUTLS +ACL +XZ -LZ4 +SECCOMP +BLKID +ELFUTILS +KMOD -IDN)
[   66.833458] systemd[1]: Detected virtualization oracle.
[   66.921049] systemd[1]: Detected architecture x86-64.

Welcome to [1mUbuntu 16.04.4 LTS[0m!

[   67.068559] systemd[1]: Set hostname to <ubuntu-xenial>.
[   68.159422] systemd[1]: Reached target Swap.
[[0;32m  OK  [0m] Reached target Swap.
[   68.189037] systemd[1]: Listening on udev Control Socket.
[[0;32m  OK  [0m] Listening on udev Control Socket.
[   68.317175] systemd[1]: Listening on Journal Audit Socket.
[[0;32m  OK  [0m] Listening on Journal Audit Socket.
[   68.414007] systemd[1]: Listening on LVM2 poll daemon socket.
[[0;32m  OK  [0m] Listening on LVM2 poll daemon socket.
[   68.493279] systemd[1]: Listening on Journal Socket (/dev/log).
[[0;32m  OK  [0m] Listening on Journal Socket (/dev/log).
[   68.652892] systemd[1]: Listening on LVM2 metadata daemon socket.
[[0;32m  OK  [0m] Listening on LVM2 metadata daemon socket.
[   68.853496] systemd[1]: Created slice System Slice.
[[0;32m  OK  [0m] Created slice System Slice.
[   69.010304] systemd[1]: Created slice User and Session Slice.
[[0;32m  OK  [0m] Created slice User and Session Slice.
[   69.109020] systemd[1]: Listening on udev Kernel Socket.
[[0;32m  OK  [0m] Listening on udev Kernel Socket.
[   69.220980] systemd[1]: Started Forward Password Requests to Wall Directory Watch.
[[0;32m  OK  [0m] Started Forward Password Requests to Wall Directory Watch.
[   69.360684] systemd[1]: Reached target Encrypted Volumes.
[[0;32m  OK  [0m] Reached target Encrypted Volumes.
[   69.452830] systemd[1]: Reached target System Time Synchronized.
[[0;32m  OK  [0m] Reached target System Time Synchronized.
[   69.569075] systemd[1]: Created slicc system-serial\x2dgetty.slice.
[[0;32m  OK  [0m] Created slice system-serial\x2dgetty.slice.
[   69.727467] systemd[1]: Listening on Journal Socket.
[[0;32m  OK  [0m] Listening on Journal Socket.
[   69.869385] systemd[1]: Starting Set console keymap...
         Starting Set console keymap...
[   69.980838] systemd[1]: Starting Uncomplicated firewall...
         Starting Uncomplicated firewall...
[   70.136531] systemd[1]: Starting Nameserver information manager...
         Starting Nameserver information manager...
[   70.304553] systemd[1]: Mounting Huge Pages File System...
         Mounting Huge Pages File System...
[   70.376620] systemd[1]: Mounting Debug File System...
         Mounting Debug File System...
[   70.472782] systemd[1]: Starting Remount Root and Kernel File Systems...
[   70.483339] EXT4-fs (sda1): re-mounted. Opts: (null)
         Starting Remount Root and Kernel File Systems...
[   70.684712] systemd[1]: Starting Load Kernel Modules...
[   708756] Ldi iSIrapo casv2-8.
         Starting Load Kernel Modules...
[   71.661010] systemd[1]: Listening on Device-mapper event daemon FIFOs.
[[0;32m  OK  [0m] Listening on[   71.730541] iscsi: registered transport (tcp)
 Device-mapper event daemon FIFOs.
[   72.941139] systemd[1]: Set up automount Arbitrary Executable File Formats File System Automount Point.
[[0;32m  OK  [0m] Set up autom[   73.039515] iscsi: registered transport (iser)
ount Arbitrary Executab...ats File System Automount Point.
[   73.192774] systemd[1]: Mounting POSIX Message Queue File System...
         Mounting POSIX Message Queue File System...
[   73.378631] systemd[1]: Listening on /dev/initctl Compatibility Named Pipe.
[[0;32m  OK  [0m] Listening on /dev/initctl Compatibility Named Pipe.
[   73.569228] systemd[1]: Listening on Syslog Socket.
[[0;32m  OK  [0m] Listening on Syslog Socket.
[   73.672877] systemd[1]: Starting Journal Service...
         Starting Journal Service...
[   73.713056] systemd[1]: Reached target User and Group Name Lookups.
[[0;32m  OK  [0m] Reached target User and Group Name Lookups.
[   73.771327] systemd[1]: Reached target Slices.
[[0;32m  OK  [0m] Reached target Slices.
[   73.836829] systemd[1]: Starting Monitoring of LVM2 mirrors, snapshots etc. using dmeventd or progress polling...
         Starting Monitoring of LVM2 mirrors... dmeventd or progress polling...
[   73.945885] systemd[1]: Started Trigger resolvconf update for networkd DNS.
[[0;32m  OK  [0m] Started Trigger resolvconf update for networkd DNS.
[   74.168833] systemd[1]: Starting Create list of required static device nodes for the current kernel...
         Starting Create list of required st... nodes for the current kernel...
[   74.437420] systemd[1]: Mounted Huge Pages File System.
[[0;32m  OK  [0m] Mounted Huge Pages File System.
[   74.556786] systemd[1]: Mounted POSIX Message Queue File System.
[[0;32m  OK  [0m] Mounted POSIX Message Queue File System.
[   74.713118] systemd[1]: Mounted Debug File System.
[[0;32m  OK  [0m] Mounted Debug File System.
[   74.805428] systemd[1]: Started Journal Service.
[[0;32m  OK  [0m] Started Journal Service.
[[0;32m  OK  [0m] Started Set console keymap.
[[0;32m  OK  [0m] Started Uncomplicated firewall.
[[0;32m  OK  [0m] Started Remount Root and Kernel File Systems.
[[0;32m  OK  [0m] Started Load Kernel Modules.
[[0;32m  OK  [0m] Started Create list of required sta...ce nodes for the current kernel.
[[0;32m  OK  [0m] Started Nameserver information manager.
[[0;32m  OK  [0m] Started LVM2 metadata daemon.
         Starting Create Static Device Nodes in /dev...
         Mounting FUSE Control File System...
         Starting Apply Kernel Variables...
         Starting udev Coldplug all Devices...
         Starting Load/Save Random Seed...
         Starting Initial cloud-init job (pre-networking)...
         Starting Flush Journal to Persistent Storage...
[[0;32m  OK  [0m] Mounted FUSE Control File System.
[[0;32m  OK  [0m] Started Monitoring of LVM2 mirrors,...ng dmeventd or progress polling.
[[0;32m  OK  [0m] Started Create Static Device Nodes in /dev.
[[0;32m  OK  [0m] Started Apply Kernel Variables.
[[0;32m  OK  [0m] Started Load/Save Random Seed.
[[0;32m  OK  [0m] Started udev Coldplug all Devices.
         Starting udev Kernel Device Manager...
[[0;32m  OK  [0m] Started Flush Journal to Persistent Storage.
[[0;32m  OK  [0m] Started udev Kernel Device Manager.
[[0;32m  OK  [0m] Reached target Local File Systems (Pre).
[[0;32m  OK  [0m] Reached target Local File Systems.
         Starting LSB: AppArmor initialization...
         Starting Tell Plymouth To Write Out Runtime Data...
         Starting Create Volatile Files and Directories...
         Starting Set console font and keymap...
[[0;32m  OK  [0m] Started Dispatch Password Requests to Console Directory Watch.
[[0;32m  OK  [0m] Started Tell Plymouth To Write Out Runtime Data.
[[0;32m  OK  [0m] Started Create Volatile Files and Directories.
[[0;32m  OK  [0m] Found device /dev/ttyS0.
[[0;32m  OK  [0m] Listening on Load/Save RF Kill Switch Status /dev/rfkill Watch.
         Starting Update UTMP about System Boot/Shutdown...
[[0;32m  OK  [0m] Started Update UTMP about System Boot/Shutdown.
[[0;32m  OK  [0m] Started Set console font and keymap.
[[0;32m  OK  [0m] Created slice system-getty.slice.
[[0;32m  OK  [0m] Started LSB: AppArmor initialization.
[   39.606436] cloud-init[459]: Cloud-init v. 18.2 running 'init-local' at Fri, 08 Mar 2019 22:19:03 +0000. Up 38.98 seconds.
[[0;32m  OK  [0m] Started Initial cloud-init job (pre-networking).
[[0;32m  OK  [0m] Reached target Network (Pre).
         Starting Raise network interfaces...
[[0;32m  OK  [0m] Started ifup for enp0s3.
[[0;32m  OK  [0m] Started Raise network interfaces.
[[0;32m  OK  [0m] Reached target Network.
         Starting Initial cloud-init job (metadata service crawler)...
[   41.569910] cloud-init[921]: Cloud-init v. 18.2 running 'init' at Fri, 08 Mar 2019 22:19:04 +0000. Up 40.69 seconds.
[   41.692830] [cloud-init[0;32m  OK  [0m[921]: ] ci-info: +++++++++++++++++++++++++++++++++++++Net device info++++++++++++++++++++++++++++++++++++++Started Initial cloud-init job (metadata service crawler).

[   41.693464] cloud-init[921]: ci-info: +--------+------+----------------------------+---------------+-------+-------------------+
[   42.044731] [cloud-init[0;32m  OK  [0m[921]: ] ci-info: | Device |  Up  |          Address           |      Mask     | Scope |     Hw-Address    |Reached target System Initialization.

[   42.245628] cloud-init[921]:          ci-info: +--------+------+----------------------------+---------------+-------+-------------------+Starting LXD - unix socket.

[   42.246218] cloud-init[921]: ci-info: | enp0s3 | True |         10.0.2.15          | 255.255.255.0 |   .   | 02:b9:14:72:32:5c |
[   42.568998] [cloud-init[0;32m  OK  [0m[921]: ] ci-info: | enp0s3 | True | fe80::b9:14ff:fe72:325c/64 |       .       |  link | 02:b9:14:72:32:5c |Started Daily apt download activities.

[   42.569562] [cloud-init[0;32m  OK  [0m[921]: ] ci-info: |   lo   | True |         127.0.0.1          |   255.0.0.0   |   .   |         .         |Started Daily apt upgrade and clean activities.

[   43.012901] [cloud-init[0;32m  OK  [0m[921]: ] ci-info: |   lo   | True |          ::1/128           |       .       |  host |         .         |Started Daily Cleanup of Temporary Directories.

[   43.256953]          cloud-initStarting Socket activation for snappy daemon.[921]: 
ci-info: +--------+------+----------------------------+---------------+-------+-------------------+
[   43.472540] [cloud-init[0;32m  OK  [0m[921]: ] ci-info: +++++++++++++++++++++++++++Route IPv4 info++++++++++++++++++++++++++++Listening on ACPID Listen Socket.

[   43.680699] [cloud-init[0;32m  OK  [0m[921]: ] ci-info: +-------+-------------+----------+---------------+-----------+-------+Started ACPI Events Check.

[[0;32m  OK  [0m] Reached target Paths.
[   43.681233] [[0;32m  OK  [0m] Listening on D-Bus System Message Bus Socket.
cloud-init[921]: ci-info: | Route | Destination | Gateway  |    Genmask    | Interface | Flags |
[   44.068459] [cloud-init[0;32m  OK  [0m[921]: ] ci-info: +-------+-------------+----------+---------------+-----------+-------+Listening on UUID daemon activation socket.

[   44.276387] [cloud-init[0;32m  OK  [0m[921]: ] ci-info: |   0   |   0.0.0.0   | 10.0.2.2 |    0.0.0.0    |   enp0s3  |   UG  |Reached target Timers.

[   44.468450] [cloud-init[0;32m  OK  [0m[921]: ] ci-info: |   1   |   10.0.2.0  | 0.0.0.0  | 255.255.255.0 |   enp0s3  |   U   |Reached target Network is Online.

[   44.469095] cloud-init[921]: ci-info: +-------+-------------+----------+---------------+-----------+-------+
         Starting iSCSI initiator daemon (iscsid)...
[[0;32m  OK  [0m] Reached target Cloud-config availability.
[[0;32m  OK  [0m] Listening on LXD - unix socket.
[[0;32m  OK  [0m] Listening on Socket activation for snappy daemon.
[[0;32m  OK  [0m] Reached target Sockets.
[[0;32m  OK  [0m] Reached target Basic System.
         Starting Login Service...
         Starting LSB: Record successful boot for GRUB...
[[0;32m  OK  [0m] Started D-Bus System Message Bus.
[[0;32m  OK  [0m] Started Unattended Upgrades Shutdown.
         Starting Snappy daemon...
[[0;32m  OK  [0m] Started FUSE filesystem for LXC.
[[0;32m  OK  [0m] Started ACPI event daemon.
         Starting LSB: MD monitoring daemon...
[[0;32m  OK  [0m] Started Deferred execution scheduler.
         Starting Virtualbox guest utils...
         Starting containerd container runtime...
         Starting Docker Application Container Engine...
         Starting Accounts Service...
         Starting Apply the settings specified in cloud-config...
         Starting System Logging Service...
         Starting /etc/rc.local Compatibility...
[[0;32m  OK  [0m] Started Regular background program processing daemon.
         Starting OpenBSD Secure Shell server...
         Starting LXD - container startup/shutdown...
[[0;32m  OK  [0m] Started iSCSI initiator daemon (iscsid).
[[0;32m  OK  [0m] Started containerd container runtime.
[[0;32m  OK  [0m] Started /etc/rc.local Compatibility.
[[0;32m  OK  [0m] Started System Logging Service.
         Starting Login to default iSCSI targets...
[[0;32m  OK  [0m] Started Login Service.
[   47.325926] cloud-init[1016]: Cloud-init v. 18.2 running 'modules:config' at Fri, 08 Mar 2019 22:19:10 +0000. Up 46.48 seconds.
[[0;32m  OK  [0m] Started Apply the settings specified in cloud-config.
[[0;32m  OK  [0m] Started LSB: MD monitoring daemon.
[[0;32m  OK  [0m] Started Virtualbox guest utils.
[[0;32m  OK  [0m] Started LSB: Record successful boot for GRUB.
[[0;32m  OK  [0m] Started Login to default iSCSI targets.
[[0;32m  OK  [0m] Reached target Remote File Systems (Pre).
[[0;32m  OK  [0m] Reached target Remote File Systems.
         Starting Permit User Sessions...
         Starting LSB: Set up cgroupfs mounts....
         Starting LSB: automatic crash report generation...
         Starting LSB: Set the CPU Frequency Scaling governor to "ondemand"...
         Starting LSB: daemon to balance interrupts for SMP systems...
         Starting Authenticate and Authorize Users to Run Privileged Tasks...
[[0;32m  OK  [0m] Started Permit User Sessions.
[[0;32m  OK  [0m] Started LSB: Set up cgroupfs mounts..
[[0;32m  OK  [0m] Started LSB: Set the CPU Frequency Scaling governor to "ondemand".
         Starting Hold until boot process finishes up...
         Starting Terminate Plymouth Boot Screen...
[[0;32m  OK  [0m] Started Hold until boot process finishes up.
[[0;32m  OK  [0m] Started Terminate Plymouth Boot Screen.
[[0;32m  OK  [0m] Started LSB: daemon to balance interrupts for SMP systems.
[[0;32m  OK  [0m] Started Getty on tty1.
         Starting Set console scheme...
[[0;32m  OK  [0m] Started Serial Getty on ttyS0.
[[0;32m  OK  [0m] Reached target Login Prompts.
[[0;32m  OK  [0m] Started Set console scheme.
[[0;32m  OK  [0m] Started Authenticate and Authorize Users to Run Privileged Tasks.
[[0;32m  OK  [0m] Started Accounts Service.
[[0;32m  OK  [0m] Started LSB: automatic crash report generation.
[[0;32m  OK  [0m] Started OpenBSD Secure Shell server.
[[0;32m  OK  [0m] Started Snappy daemon.
         Starting Wait until snapd is fully seeded...
[[0;32m  OK  [0m] Started Wait until snapd is fully seeded.
[[0;32m  OK  [0m] Started LXD - container startup/shutdown.
[[0;32m  OK  [0m] Created slice User Slice of vagrant.
         Starting User Manager for UID 1000...
[[0;32m  OK  [0m] Started Session 1 of user vagrant.

Ubuntu 16.04.4 LTS ubuntu-xenial ttyS0

ubuntu-xenial login: [   61.391449] cloud-init[1704]: Cloud-init v. 18.2 running 'modules:final' at Fri, 08 Mar 2019 22:19:25 +0000. Up 61.06 seconds.
[   61.391969] cloud-init[1704]: Cloud-init v. 18.2 finished at Fri, 08 Mar 2019 22:19:25 +0000. Datasource DataSourceNoCloud [seed=/dev/sdb][dsmode=net].  Up 61.38 seconds
[[0;32m  OK  [0m] Started ACPI event daemon.
[[0;32m  OK  [0m] Started ACPI event daemon.
[[0;32m  OK  [0m] Started ACPI event daemon.
[  OK  ] Started ACPI event daemon.
[  OK  ] Started Trigger resolvconf update for networkd DNS.
[  OK  ] Started ACPI event daemon.
[  OK  ] Started ACPI event daemon.
[  OK  ] Started ACPI event daemon.
[  OK  ] Started ACPI event daemon.
[  OK  ] Created slice User Slice of vagrant.
         Starting User Manager for UID 1000...
[  OK  ] Started Session 2 of user vagrant.
[  OK  ] Started User Manager for UID 1000.
[  OK  ] Started ACPI event daemon.
[  OK  ] Started ACPI event daemon.
         Stopping udev Kernel Device Manager...
[  OK  ] Stopped udev Kernel Device Manager.
         Starting udev Kernel Device Manager...
[  OK  ] Started udev Kernel Device Manager.
[  OK  ] Started ACPI event daemon.
[  OK  ] Started ACPI event daemon.
[  OK  ] Started ACPI event daemon.
         Stopping OpenBSD Secure Shell server...
[  OK  ] Stopped OpenBSD Secure Shell server.
         Starting OpenBSD Secure Shell server...
[  OK  ] Started OpenBSD Secure Shell server.
[  OK  ] Started Daily apt upgrade and clean activities.
